<?xml version="1.0" encoding="UTF-8"?>
<testsuite xmlns:xsi="http://www.w3.org/2001/XMLSchema-instance" xsi:noNamespaceSchemaLocation="https://maven.apache.org/surefire/maven-surefire-plugin/xsd/surefire-test-report-3.0.xsd" version="3.0" name="org.example.VendaTest" time="0.032" tests="12" errors="0" skipped="0" failures="0">
  <properties>
[...]
</properties>
  <testcase name="vendaComQuantidadeIgualEstoque" classname="org.example.VendaTest" time="0.005"/>
  <testcase name="calculoTotalDaVenda" classname="org.example.VendaTest" time="0.002"/>
  <testcase name="vendaComQuantidadeMenorQueEstoque" classname="org.example.VendaTest" time="0.001"/>
  <testcase name="vendaComPrecoAlteradoAntesDaVenda" classname="org.example.VendaTest" time="0.001"/>
  <testcase name="criarVariosProdutosEVender" classname="org.example.VendaTest" time="0.001"/>
  <testcase name="venderProdutoInexistente" classname="org.example.VendaTest" time="0.002"/>
  <testcase name="alterarEstoqueEVender" classname="org.example.VendaTest" time="0.002"/>
  <testcase name="vendaComEstoqueZero" classname="org.example.VendaTest" time="0.001"/>
  <testcase name="aumentarEstoqueAposVenda" classname="org.example.VendaTest" time="0.001"/>
  <testcase name="vendaComQuantidadeMaiorQueEstoque" classname="org.example.VendaTest" time="0.001"/>
  <testcase name="vendaComQuantidadeNegativa" classname="org.example.VendaTest" time="0.003"/>
  <testcase name="alteracaoDoEstoqueAposEstoqueInsuficienteNaVenda" classname="org.example.VendaTest" time="0.001"/>
</testsuite>